INFO:src.tui.bridge:AgentBridge initializing
DEBUG:urllib3.connectionpool:Starting new HTTPS connection (1): mermaid.ink:443
DEBUG:urllib3.connectionpool:https://mermaid.ink:443 "GET /img/LS0tCmNvbmZpZzoKICBmbG93Y2hhcnQ6CiAgICBjdXJ2ZTogbGluZWFyCi0tLQpncmFwaCBURDsKCV9fc3RhcnRfXyhbPHA+X19zdGFydF9fPC9wPl0pOjo6Zmlyc3QKCWFnZW50KGFnZW50KQoJdG9vbHModG9vbHMpCglfX2VuZF9fKFs8cD5fX2VuZF9fPC9wPl0pOjo6bGFzdAoJX19zdGFydF9fIC0tPiBhZ2VudDsKCWFnZW50IC0uICZuYnNwO2VuZCZuYnNwOyAuLT4gX19lbmRfXzsKCWFnZW50IC0uLT4gdG9vbHM7Cgl0b29scyAtLT4gYWdlbnQ7CgljbGFzc0RlZiBkZWZhdWx0IGZpbGw6I2YyZjBmZixsaW5lLWhlaWdodDoxLjIKCWNsYXNzRGVmIGZpcnN0IGZpbGwtb3BhY2l0eTowCgljbGFzc0RlZiBsYXN0IGZpbGw6I2JmYjZmYwo=?type=png&bgColor=!white HTTP/1.1" 200 10078
INFO:src.tui.bridge:AgentBridge initialized
DEBUG:asyncio:Using proactor: IocpProactor
INFO:src.tui.app:TUI Mounted
DEBUG:markdown_it.rules_block.code:entering code: StateBlock(line=0,level=0,tokens=0), 0, 1, False
DEBUG:markdown_it.rules_block.fence:entering fence: StateBlock(line=0,level=0,tokens=0), 0, 1, False
DEBUG:markdown_it.rules_block.blockquote:entering blockquote: StateBlock(line=0,level=0,tokens=0), 0, 1, False
DEBUG:markdown_it.rules_block.hr:entering hr: StateBlock(line=0,level=0,tokens=0), 0, 1, False
DEBUG:markdown_it.rules_block.list:entering list: StateBlock(line=0,level=0,tokens=0), 0, 1, False
DEBUG:markdown_it.rules_block.reference:entering reference: StateBlock(line=0,level=0,tokens=0), 0, 1, False
DEBUG:markdown_it.rules_block.html_block:entering html_block: StateBlock(line=0,level=0,tokens=0), 0, 1, False
DEBUG:markdown_it.rules_block.heading:entering heading: StateBlock(line=0,level=0,tokens=0), 0, 1, False
DEBUG:markdown_it.rules_block.lheading:entering lheading: StateBlock(line=0,level=0,tokens=0), 0, 1, False
DEBUG:markdown_it.rules_block.paragraph:entering paragraph: StateBlock(line=0,level=0,tokens=0), 0, 1, False
DEBUG:markdown_it.rules_block.code:entering code: StateBlock(line=0,level=0,tokens=0), 0, 1, False
DEBUG:markdown_it.rules_block.fence:entering fence: StateBlock(line=0,level=0,tokens=0), 0, 1, False
DEBUG:markdown_it.rules_block.blockquote:entering blockquote: StateBlock(line=0,level=0,tokens=0), 0, 1, False
DEBUG:markdown_it.rules_block.hr:entering hr: StateBlock(line=0,level=0,tokens=0), 0, 1, False
DEBUG:markdown_it.rules_block.list:entering list: StateBlock(line=0,level=0,tokens=0), 0, 1, False
DEBUG:markdown_it.rules_block.reference:entering reference: StateBlock(line=0,level=0,tokens=0), 0, 1, False
DEBUG:markdown_it.rules_block.html_block:entering html_block: StateBlock(line=0,level=0,tokens=0), 0, 1, False
DEBUG:markdown_it.rules_block.heading:entering heading: StateBlock(line=0,level=0,tokens=0), 0, 1, False
DEBUG:markdown_it.rules_block.lheading:entering lheading: StateBlock(line=0,level=0,tokens=0), 0, 1, False
DEBUG:markdown_it.rules_block.paragraph:entering paragraph: StateBlock(line=0,level=0,tokens=0), 0, 1, False
INFO:src.tui.bridge:Bridge.process_request called with: 'where do we have the graph?', mode: sequential
INFO:src.tui.bridge:Calling on_agent_start
INFO:src.tui.bridge:Starting agent stream
DEBUG:grpc._cython.cygrpc:[_cygrpc] Loaded running loop: id(loop)=1272988406112
DEBUG:grpc._cython.cygrpc:Using AsyncIOEngine.POLLER as I/O engine
DEBUG:grpc._cython.cygrpc:[_cygrpc] Loaded running loop: id(loop)=1272988406112
DEBUG:grpc._cython.cygrpc:[_cygrpc] Loaded running loop: id(loop)=1272988406112
INFO:src.tui.bridge:Event #1: ['agent']
INFO:src.tui.bridge:Processing node: agent
INFO:src.tui.app:Node Update: agent, data: ['messages', 'user_input', 'system_info', 'intent', 'execution_plan', 'current_command_index', 'results', 'retry_count', 'requires_approval', 'approved', 'error', 'execution_mode', 'max_retries']
DEBUG:markdown_it.rules_block.code:entering code: StateBlock(line=0,level=0,tokens=0), 0, 1, False
DEBUG:markdown_it.rules_block.fence:entering fence: StateBlock(line=0,level=0,tokens=0), 0, 1, False
DEBUG:markdown_it.rules_block.blockquote:entering blockquote: StateBlock(line=0,level=0,tokens=0), 0, 1, False
DEBUG:markdown_it.rules_block.hr:entering hr: StateBlock(line=0,level=0,tokens=0), 0, 1, False
DEBUG:markdown_it.rules_block.list:entering list: StateBlock(line=0,level=0,tokens=0), 0, 1, False
DEBUG:markdown_it.rules_block.reference:entering reference: StateBlock(line=0,level=0,tokens=0), 0, 1, False
DEBUG:markdown_it.rules_block.html_block:entering html_block: StateBlock(line=0,level=0,tokens=0), 0, 1, False
DEBUG:markdown_it.rules_block.heading:entering heading: StateBlock(line=0,level=0,tokens=0), 0, 1, False
DEBUG:markdown_it.rules_block.lheading:entering lheading: StateBlock(line=0,level=0,tokens=0), 0, 1, False
DEBUG:markdown_it.rules_block.paragraph:entering paragraph: StateBlock(line=0,level=0,tokens=0), 0, 1, False
INFO:src.tui.bridge:Event #2: ['tools']
INFO:src.tui.bridge:Processing node: tools
INFO:src.tui.app:Node Update: tools, data: ['messages']
DEBUG:markdown_it.rules_block.code:entering code: StateBlock(line=0,level=0,tokens=0), 0, 3, False
DEBUG:markdown_it.rules_block.fence:entering fence: StateBlock(line=0,level=0,tokens=0), 0, 3, False
DEBUG:markdown_it.rules_block.blockquote:entering blockquote: StateBlock(line=0,level=0,tokens=0), 0, 3, False
DEBUG:markdown_it.rules_block.hr:entering hr: StateBlock(line=0,level=0,tokens=0), 0, 3, False
DEBUG:markdown_it.rules_block.list:entering list: StateBlock(line=0,level=0,tokens=0), 0, 3, False
DEBUG:markdown_it.rules_block.reference:entering reference: StateBlock(line=0,level=0,tokens=0), 0, 3, False
DEBUG:markdown_it.rules_block.html_block:entering html_block: StateBlock(line=0,level=0,tokens=0), 0, 3, False
DEBUG:markdown_it.rules_block.heading:entering heading: StateBlock(line=0,level=0,tokens=0), 0, 3, False
DEBUG:markdown_it.rules_block.lheading:entering lheading: StateBlock(line=0,level=0,tokens=0), 0, 3, False
DEBUG:markdown_it.rules_block.paragraph:entering paragraph: StateBlock(line=0,level=0,tokens=0), 0, 3, False
DEBUG:markdown_it.rules_block.code:entering code: StateBlock(line=2,level=0,tokens=3), 2, 3, False
DEBUG:markdown_it.rules_block.fence:entering fence: StateBlock(line=2,level=0,tokens=3), 2, 3, False
DEBUG:markdown_it.rules_block.blockquote:entering blockquote: StateBlock(line=2,level=0,tokens=3), 2, 3, False
DEBUG:markdown_it.rules_block.hr:entering hr: StateBlock(line=2,level=0,tokens=3), 2, 3, False
DEBUG:markdown_it.rules_block.list:entering list: StateBlock(line=2,level=0,tokens=3), 2, 3, False
DEBUG:markdown_it.rules_block.reference:entering reference: StateBlock(line=2,level=0,tokens=3), 2, 3, False
DEBUG:markdown_it.rules_block.html_block:entering html_block: StateBlock(line=2,level=0,tokens=3), 2, 3, False
DEBUG:markdown_it.rules_block.heading:entering heading: StateBlock(line=2,level=0,tokens=3), 2, 3, False
DEBUG:markdown_it.rules_block.lheading:entering lheading: StateBlock(line=2,level=0,tokens=3), 2, 3, False
DEBUG:markdown_it.rules_block.paragraph:entering paragraph: StateBlock(line=2,level=0,tokens=3), 2, 3, False
DEBUG:markdown_it.rules_block.code:entering code: StateBlock(line=0,level=0,tokens=0), 0, 1, False
DEBUG:markdown_it.rules_block.fence:entering fence: StateBlock(line=0,level=0,tokens=0), 0, 1, False
DEBUG:markdown_it.rules_block.blockquote:entering blockquote: StateBlock(line=0,level=0,tokens=0), 0, 1, False
DEBUG:markdown_it.rules_block.hr:entering hr: StateBlock(line=0,level=0,tokens=0), 0, 1, False
DEBUG:markdown_it.rules_block.list:entering list: StateBlock(line=0,level=0,tokens=0), 0, 1, False
DEBUG:markdown_it.rules_block.reference:entering reference: StateBlock(line=0,level=0,tokens=0), 0, 1, False
DEBUG:markdown_it.rules_block.html_block:entering html_block: StateBlock(line=0,level=0,tokens=0), 0, 1, False
DEBUG:markdown_it.rules_block.heading:entering heading: StateBlock(line=0,level=0,tokens=0), 0, 1, False
DEBUG:markdown_it.rules_block.lheading:entering lheading: StateBlock(line=0,level=0,tokens=0), 0, 1, False
DEBUG:markdown_it.rules_block.paragraph:entering paragraph: StateBlock(line=0,level=0,tokens=0), 0, 1, False
DEBUG:grpc._cython.cygrpc:[_cygrpc] Loaded running loop: id(loop)=1272988406112
INFO:src.tui.bridge:Event #3: ['agent']
INFO:src.tui.bridge:Processing node: agent
INFO:src.tui.app:Node Update: agent, data: ['messages', 'user_input', 'system_info', 'intent', 'execution_plan', 'current_command_index', 'results', 'retry_count', 'requires_approval', 'approved', 'error', 'execution_mode', 'max_retries']
DEBUG:markdown_it.rules_block.code:entering code: StateBlock(line=0,level=0,tokens=0), 0, 1, False
DEBUG:markdown_it.rules_block.fence:entering fence: StateBlock(line=0,level=0,tokens=0), 0, 1, False
DEBUG:markdown_it.rules_block.blockquote:entering blockquote: StateBlock(line=0,level=0,tokens=0), 0, 1, False
DEBUG:markdown_it.rules_block.hr:entering hr: StateBlock(line=0,level=0,tokens=0), 0, 1, False
DEBUG:markdown_it.rules_block.list:entering list: StateBlock(line=0,level=0,tokens=0), 0, 1, False
DEBUG:markdown_it.rules_block.reference:entering reference: StateBlock(line=0,level=0,tokens=0), 0, 1, False
DEBUG:markdown_it.rules_block.html_block:entering html_block: StateBlock(line=0,level=0,tokens=0), 0, 1, False
DEBUG:markdown_it.rules_block.heading:entering heading: StateBlock(line=0,level=0,tokens=0), 0, 1, False
DEBUG:markdown_it.rules_block.lheading:entering lheading: StateBlock(line=0,level=0,tokens=0), 0, 1, False
DEBUG:markdown_it.rules_block.paragraph:entering paragraph: StateBlock(line=0,level=0,tokens=0), 0, 1, False
INFO:src.tui.bridge:Streamed 3 events total
INFO:src.tui.bridge:Final state - next nodes: ()
INFO:src.tui.bridge:Calling on_agent_complete
INFO:src.tui.bridge:Bridge processing complete
