2025-12-07 21:18:01,158 - ERROR - Timeout waiting for response
2025-12-07 21:18:01,442 - ERROR - Authentication failed
2025-12-07 21:18:01,867 - ERROR - Service unavailable
2025-12-07 21:18:02,181 - ERROR - Invalid input parameter
2025-12-07 21:18:02,356 - ERROR - Authentication failed
2025-12-07 21:18:02,486 - ERROR - API rate limit exceeded
2025-12-07 21:18:02,917 - ERROR - Service unavailable
2025-12-07 21:18:03,067 - ERROR - Invalid input parameter
2025-12-07 21:18:03,252 - ERROR - Timeout waiting for response
2025-12-07 21:18:03,396 - ERROR - Service unavailable
2025-12-07 21:18:03,883 - ERROR - API rate limit exceeded
2025-12-07 21:18:04,274 - ERROR - Invalid input parameter
2025-12-07 21:18:04,735 - ERROR - API rate limit exceeded
2025-12-07 21:18:05,019 - ERROR - Service unavailable
2025-12-07 21:18:05,163 - ERROR - API rate limit exceeded
2025-12-07 21:18:05,517 - ERROR - Invalid input parameter
2025-12-07 21:18:05,947 - ERROR - Authentication failed
2025-12-07 21:19:52,937 - ERROR - Service call failed: ValueError: Invalid input data
2025-12-07 21:19:53,363 - ERROR - Service call failed: IndexError: List index out of range
2025-12-07 21:19:55,830 - ERROR - Service call failed: ConnectionError: Failed to connect to database
2025-12-07 21:19:55,831 - CRITICAL - Script crashed: Critical service failure: ConnectionError: Failed to connect to database
2025-12-07 21:20:14,068 - ERROR - Service call failed: ZeroDivisionError: Division by zero
2025-12-07 21:20:14,550 - ERROR - Service call failed: TypeError: Unsupported operand type(s)
2025-12-07 21:20:14,978 - ERROR - Service call failed: TimeoutError: Backend service took too long to respond
2025-12-07 21:20:16,295 - ERROR - Service call failed: ConnectionError: Failed to connect to database
2025-12-07 21:20:17,166 - ERROR - Service call failed: AuthenticationError: Invalid API key
2025-12-07 21:20:17,524 - ERROR - Service call failed: TypeError: Unsupported operand type(s)
2025-12-07 21:20:19,235 - ERROR - Service call failed: TypeError: Unsupported operand type(s)
2025-12-07 21:20:19,643 - ERROR - Service call failed: KeyError: Missing key in dictionary
2025-12-07 21:20:19,972 - ERROR - Service call failed: ConnectionError: Failed to connect to database
2025-12-07 21:20:20,606 - ERROR - Service call failed: TimeoutError: Backend service took too long to respond
2025-12-07 21:20:20,918 - ERROR - Service call failed: TypeError: Unsupported operand type(s)
2025-12-07 21:20:21,046 - ERROR - Service call failed: ValueError: Invalid input data
2025-12-07 21:20:21,371 - ERROR - Service call failed: ConnectionError: Failed to connect to database
2025-12-07 21:20:22,176 - ERROR - Service call failed: AuthenticationError: Invalid API key
